<?xml version='1.0' encoding='UTF-8'?>
<testsuite hostname="vics-macbook.home" name="graph.GraphOperationsSpec" tests="8" errors="0" failures="0" skipped="0" time="0.024" timestamp="2024-07-19T19:43:58">
          <properties>
      <property name="awt.toolkit" value="sun.lwawt.macosx.LWCToolkit"/><property name="java.specification.version" value="11"/><property name="sun.cpu.isalist" value=""/><property name="sun.jnu.encoding" value="UTF-8"/><property name="sun.arch.data.model" value="64"/><property name="java.vendor.url" value="https://adoptium.net/"/><property name="sun.boot.library.path" value="/Users/victoria/.sdkman/candidates/java/11.0.21-tem/lib"/><property name="sun.java.command" value="/opt/homebrew/Cellar/sbt/1.10.1/libexec/bin/sbt-launch.jar test"/><property name="jdk.debug" value="release"/><property name="java.specification.vendor" value="Oracle Corporation"/><property name="java.version.date" value="2023-10-17"/><property name="java.home" value="/Users/victoria/.sdkman/candidates/java/11.0.21-tem"/><property name="file.separator" value="/"/><property name="java.vm.compressedOopsMode" value="Zero based"/><property name="line.separator" value="
"/><property name="java.specification.name" value="Java Platform API Specification"/><property name="java.vm.specification.vendor" value="Oracle Corporation"/><property name="sun.management.compiler" value="HotSpot 64-Bit Tiered Compilers"/><property name="java.runtime.version" value="11.0.21+9"/><property name="user.name" value="victoria"/><property name="log4j.ignoreTCL" value="true"/><property name="file.encoding" value="UTF-8"/><property name="java.vendor.version" value="Temurin-11.0.21+9"/><property name="java.io.tmpdir" value="/var/folders/sl/gk6pwjkn6dn4qht4z_vy0ycr0000gn/T/"/><property name="java.version" value="11.0.21"/><property name="java.vm.specification.name" value="Java Virtual Machine Specification"/><property name="java.awt.printerjob" value="sun.lwawt.macosx.CPrinterJob"/><property name="sun.os.patch.level" value="unknown"/><property name="java.library.path" value="/Users/victoria/Library/Java/Extensions:/Library/Java/Extensions:/Network/Library/Java/Extensions:/System/Library/Java/Extensions:/usr/lib/java:."/><property name="java.vendor" value="Eclipse Adoptium"/><property name="java.specification.maintenance.version" value="2"/><property name="scala.ext.dirs" value="/Users/victoria/.sbt/1.0/java9-rt-ext-eclipse_adoptium_11_0_21"/><property name="sun.io.unicode.encoding" value="UnicodeBig"/><property name="socksNonProxyHosts" value="local|*.local|169.254/16|*.169.254/16"/><property name="gopherProxySet" value="false"/><property name="java.class.path" value="/opt/homebrew/Cellar/sbt/1.10.1/libexec/bin/sbt-launch.jar"/><property name="java.vm.vendor" value="Eclipse Adoptium"/><property name="jline.shutdownhook" value="false"/><property name="user.timezone" value="Europe/Paris"/><property name="os.name" value="Mac OS X"/><property name="java.vm.specification.version" value="11"/><property name="sun.java.launcher" value="SUN_STANDARD"/><property name="user.country" value="FR"/><property name="http.nonProxyHosts" value="local|*.local|169.254/16|*.169.254/16"/><property name="sun.cpu.endian" value="little"/><property name="user.home" value="/Users/victoria"/><property name="user.language" value="fr"/><property name="sbt.script" value="/opt/homebrew/Cellar/sbt/1.10.1/libexec/bin/sbt"/><property name="sbt.ipcsocket.tmpdir" value="/var/folders/sl/gk6pwjkn6dn4qht4z_vy0ycr0000gn/T/.sbte8089ad1/ipcsocket"/><property name="swoval.tmpdir" value="/var/folders/sl/gk6pwjkn6dn4qht4z_vy0ycr0000gn/T/.sbte8089ad1/swoval"/><property name="java.awt.graphicsenv" value="sun.awt.CGraphicsEnvironment"/><property name="jline.esc.timeout" value="0"/><property name="ftp.nonProxyHosts" value="local|*.local|169.254/16|*.169.254/16"/><property name="path.separator" value=":"/><property name="os.version" value="13.4"/><property name="jna.nosys" value="true"/><property name="java.runtime.name" value="OpenJDK Runtime Environment"/><property name="java.vm.name" value="OpenJDK 64-Bit Server VM"/><property name="java.vendor.url.bug" value="https://github.com/adoptium/adoptium-support/issues"/><property name="user.dir" value="/Users/victoria/Documents/M1/functionnal-programming/functional-graphs"/><property name="os.arch" value="aarch64"/><property name="java.vm.info" value="mixed mode"/><property name="java.vm.version" value="11.0.21+9"/><property name="java.class.version" value="55.0"/>
    </properties>
          <testcase classname="graph.GraphOperationsSpec" name="DFS should visit all nodes in depth-first order" time="0.012">
                      
                    </testcase><testcase classname="graph.GraphOperationsSpec" name="BFS should visit all nodes in breadth-first order" time="0.002">
                      
                    </testcase><testcase classname="graph.GraphOperationsSpec" name="Topological Sort should return a valid ordering of nodes" time="0.001">
                      
                    </testcase><testcase classname="graph.GraphOperationsSpec" name="Topological Sort should return None for a cyclic graph" time="0.0">
                      
                    </testcase><testcase classname="graph.GraphOperationsSpec" name="Cycle Detection should detect a cycle in a graph" time="0.0">
                      
                    </testcase><testcase classname="graph.GraphOperationsSpec" name="Cycle Detection should not detect a cycle in an acyclic graph" time="0.0">
                      
                    </testcase><testcase classname="graph.GraphOperationsSpec" name="Floyd's Algorithm should compute shortest paths between all pairs" time="0.0">
                      
                    </testcase><testcase classname="graph.GraphOperationsSpec" name="Dijkstra's Algorithm should find the shortest path from a source" time="0.009">
                      
                    </testcase>
          <system-out><![CDATA[]]></system-out>
          <system-err><![CDATA[]]></system-err>
        </testsuite>